<?xml version="1.0" encoding="UTF-8"?>
<coverage generated="1588251356903" clover="3.2.0">
  <project timestamp="1588251356903" name="All files">
    <metrics statements="35" coveredstatements="34" conditionals="11" coveredconditionals="9" methods="9" coveredmethods="9" elements="55" coveredelements="52" complexity="0" loc="35" ncloc="35" packages="1" files="1" classes="1"/>
    <file name="index.js" path="/home/josh/AlgoCasts/exercises/linkedlist/index.js">
      <metrics statements="35" coveredstatements="34" conditionals="11" coveredconditionals="9" methods="9" coveredmethods="9"/>
      <line num="7" count="29" type="stmt"/>
      <line num="8" count="29" type="stmt"/>
      <line num="14" count="13" type="stmt"/>
      <line num="18" count="28" type="stmt"/>
      <line num="22" count="12" type="stmt"/>
      <line num="23" count="12" type="stmt"/>
      <line num="25" count="12" type="stmt"/>
      <line num="26" count="16" type="stmt"/>
      <line num="27" count="16" type="stmt"/>
      <line num="30" count="12" type="stmt"/>
      <line num="34" count="7" type="stmt"/>
      <line num="38" count="6" type="cond" truecount="2" falsecount="0"/>
      <line num="39" count="1" type="stmt"/>
      <line num="41" count="5" type="stmt"/>
      <line num="43" count="5" type="stmt"/>
      <line num="44" count="8" type="cond" truecount="2" falsecount="0"/>
      <line num="45" count="5" type="stmt"/>
      <line num="47" count="3" type="stmt"/>
      <line num="52" count="1" type="stmt"/>
      <line num="53" count="1" type="stmt"/>
      <line num="57" count="3" type="cond" truecount="1" falsecount="1"/>
      <line num="58" count="0" type="stmt"/>
      <line num="60" count="3" type="stmt"/>
      <line num="64" count="4" type="cond" truecount="2" falsecount="0"/>
      <line num="65" count="1" type="stmt"/>
      <line num="67" count="3" type="cond" truecount="2" falsecount="0"/>
      <line num="68" count="1" type="stmt"/>
      <line num="69" count="1" type="stmt"/>
      <line num="72" count="2" type="stmt"/>
      <line num="73" count="2" type="stmt"/>
      <line num="75" count="2" type="stmt"/>
      <line num="76" count="1" type="stmt"/>
      <line num="77" count="1" type="stmt"/>
      <line num="79" count="2" type="stmt"/>
      <line num="83" count="1" type="stmt"/>
    </file>
  </project>
</coverage>
