{"/home/josh/AlgoCasts/exercises/linkedlist/index.js": {"path":"/home/josh/AlgoCasts/exercises/linkedlist/index.js","statementMap":{"0":{"start":{"line":7,"column":4},"end":{"line":7,"column":21}},"1":{"start":{"line":8,"column":4},"end":{"line":8,"column":21}},"2":{"start":{"line":14,"column":4},"end":{"line":14,"column":21}},"3":{"start":{"line":18,"column":4},"end":{"line":18,"column":42}},"4":{"start":{"line":22,"column":18},"end":{"line":22,"column":19}},"5":{"start":{"line":23,"column":15},"end":{"line":23,"column":24}},"6":{"start":{"line":25,"column":4},"end":{"line":28,"column":5}},"7":{"start":{"line":26,"column":6},"end":{"line":26,"column":16}},"8":{"start":{"line":27,"column":6},"end":{"line":27,"column":23}},"9":{"start":{"line":30,"column":4},"end":{"line":30,"column":19}},"10":{"start":{"line":34,"column":4},"end":{"line":34,"column":21}},"11":{"start":{"line":38,"column":4},"end":{"line":40,"column":5}},"12":{"start":{"line":39,"column":6},"end":{"line":39,"column":18}},"13":{"start":{"line":41,"column":15},"end":{"line":41,"column":24}},"14":{"start":{"line":43,"column":4},"end":{"line":48,"column":5}},"15":{"start":{"line":44,"column":6},"end":{"line":46,"column":7}},"16":{"start":{"line":45,"column":8},"end":{"line":45,"column":20}},"17":{"start":{"line":47,"column":6},"end":{"line":47,"column":23}},"18":{"start":{"line":52,"column":4},"end":{"line":52,"column":21}},"19":{"start":{"line":53,"column":4},"end":{"line":53,"column":16}},"20":{"start":{"line":57,"column":4},"end":{"line":59,"column":5}},"21":{"start":{"line":58,"column":6},"end":{"line":58,"column":13}},"22":{"start":{"line":60,"column":4},"end":{"line":60,"column":31}},"23":{"start":{"line":64,"column":4},"end":{"line":66,"column":5}},"24":{"start":{"line":65,"column":6},"end":{"line":65,"column":13}},"25":{"start":{"line":67,"column":4},"end":{"line":70,"column":5}},"26":{"start":{"line":68,"column":6},"end":{"line":68,"column":23}},"27":{"start":{"line":69,"column":6},"end":{"line":69,"column":13}},"28":{"start":{"line":72,"column":19},"end":{"line":72,"column":28}},"29":{"start":{"line":73,"column":15},"end":{"line":73,"column":29}},"30":{"start":{"line":75,"column":4},"end":{"line":78,"column":5}},"31":{"start":{"line":76,"column":6},"end":{"line":76,"column":22}},"32":{"start":{"line":77,"column":6},"end":{"line":77,"column":23}},"33":{"start":{"line":79,"column":4},"end":{"line":79,"column":25}},"34":{"start":{"line":83,"column":0},"end":{"line":83,"column":38}}},"fnMap":{"0":{"name":"(anonymous_0)","decl":{"start":{"line":6,"column":2},"end":{"line":6,"column":3}},"loc":{"start":{"line":6,"column":33},"end":{"line":9,"column":3}},"line":6},"1":{"name":"(anonymous_1)","decl":{"start":{"line":13,"column":2},"end":{"line":13,"column":3}},"loc":{"start":{"line":13,"column":16},"end":{"line":15,"column":3}},"line":13},"2":{"name":"(anonymous_2)","decl":{"start":{"line":17,"column":2},"end":{"line":17,"column":3}},"loc":{"start":{"line":17,"column":20},"end":{"line":19,"column":3}},"line":17},"3":{"name":"(anonymous_3)","decl":{"start":{"line":21,"column":2},"end":{"line":21,"column":3}},"loc":{"start":{"line":21,"column":9},"end":{"line":31,"column":3}},"line":21},"4":{"name":"(anonymous_4)","decl":{"start":{"line":33,"column":2},"end":{"line":33,"column":3}},"loc":{"start":{"line":33,"column":13},"end":{"line":35,"column":3}},"line":33},"5":{"name":"(anonymous_5)","decl":{"start":{"line":37,"column":2},"end":{"line":37,"column":3}},"loc":{"start":{"line":37,"column":12},"end":{"line":49,"column":3}},"line":37},"6":{"name":"(anonymous_6)","decl":{"start":{"line":51,"column":2},"end":{"line":51,"column":3}},"loc":{"start":{"line":51,"column":10},"end":{"line":54,"column":3}},"line":51},"7":{"name":"(anonymous_7)","decl":{"start":{"line":56,"column":2},"end":{"line":56,"column":3}},"loc":{"start":{"line":56,"column":16},"end":{"line":61,"column":3}},"line":56},"8":{"name":"(anonymous_8)","decl":{"start":{"line":63,"column":2},"end":{"line":63,"column":3}},"loc":{"start":{"line":63,"column":15},"end":{"line":80,"column":3}},"line":63}},"branchMap":{"0":{"loc":{"start":{"line":6,"column":20},"end":{"line":6,"column":31}},"type":"default-arg","locations":[{"start":{"line":6,"column":27},"end":{"line":6,"column":31}}],"line":6},"1":{"loc":{"start":{"line":38,"column":4},"end":{"line":40,"column":5}},"type":"if","locations":[{"start":{"line":38,"column":4},"end":{"line":40,"column":5}},{"start":{"line":38,"column":4},"end":{"line":40,"column":5}}],"line":38},"2":{"loc":{"start":{"line":44,"column":6},"end":{"line":46,"column":7}},"type":"if","locations":[{"start":{"line":44,"column":6},"end":{"line":46,"column":7}},{"start":{"line":44,"column":6},"end":{"line":46,"column":7}}],"line":44},"3":{"loc":{"start":{"line":57,"column":4},"end":{"line":59,"column":5}},"type":"if","locations":[{"start":{"line":57,"column":4},"end":{"line":59,"column":5}},{"start":{"line":57,"column":4},"end":{"line":59,"column":5}}],"line":57},"4":{"loc":{"start":{"line":64,"column":4},"end":{"line":66,"column":5}},"type":"if","locations":[{"start":{"line":64,"column":4},"end":{"line":66,"column":5}},{"start":{"line":64,"column":4},"end":{"line":66,"column":5}}],"line":64},"5":{"loc":{"start":{"line":67,"column":4},"end":{"line":70,"column":5}},"type":"if","locations":[{"start":{"line":67,"column":4},"end":{"line":70,"column":5}},{"start":{"line":67,"column":4},"end":{"line":70,"column":5}}],"line":67}},"s":{"0":29,"1":29,"2":13,"3":28,"4":12,"5":12,"6":12,"7":16,"8":16,"9":12,"10":7,"11":6,"12":1,"13":5,"14":5,"15":8,"16":5,"17":3,"18":1,"19":1,"20":3,"21":0,"22":3,"23":4,"24":1,"25":3,"26":1,"27":1,"28":2,"29":2,"30":2,"31":1,"32":1,"33":2,"34":1},"f":{"0":29,"1":13,"2":28,"3":12,"4":7,"5":6,"6":1,"7":3,"8":4},"b":{"0":[0],"1":[1,5],"2":[5,3],"3":[0,3],"4":[1,3],"5":[1,2]},"_coverageSchema":"1a1c01bbd47fc00a2c39e90264f33305004495a9","hash":"49f13bc9ba3d7371fb0c67deed2e14e68a8fa721"}
}
