TN:
SF:linkedlist/index.js
FN:6,(anonymous_0)
FN:13,(anonymous_1)
FN:17,(anonymous_2)
FN:21,(anonymous_3)
FN:33,(anonymous_4)
FN:37,(anonymous_5)
FN:51,(anonymous_6)
FN:56,(anonymous_7)
FN:63,(anonymous_8)
FNF:9
FNH:9
FNDA:29,(anonymous_0)
FNDA:13,(anonymous_1)
FNDA:28,(anonymous_2)
FNDA:12,(anonymous_3)
FNDA:7,(anonymous_4)
FNDA:6,(anonymous_5)
FNDA:1,(anonymous_6)
FNDA:3,(anonymous_7)
FNDA:4,(anonymous_8)
DA:7,29
DA:8,29
DA:14,13
DA:18,28
DA:22,12
DA:23,12
DA:25,12
DA:26,16
DA:27,16
DA:30,12
DA:34,7
DA:38,6
DA:39,1
DA:41,5
DA:43,5
DA:44,8
DA:45,5
DA:47,3
DA:52,1
DA:53,1
DA:57,3
DA:58,0
DA:60,3
DA:64,4
DA:65,1
DA:67,3
DA:68,1
DA:69,1
DA:72,2
DA:73,2
DA:75,2
DA:76,1
DA:77,1
DA:79,2
DA:83,1
LF:35
LH:34
BRDA:6,0,0,0
BRDA:38,1,0,1
BRDA:38,1,1,5
BRDA:44,2,0,5
BRDA:44,2,1,3
BRDA:57,3,0,0
BRDA:57,3,1,3
BRDA:64,4,0,1
BRDA:64,4,1,3
BRDA:67,5,0,1
BRDA:67,5,1,2
BRF:11
BRH:9
end_of_record
